<?xml version="1.0" encoding="UTF-8"?>
<!-- Generated by org.testng.reporters.JUnitXMLReporter -->
<testsuite hostname="DESKTOP-AMOHKHO" name="Set1" tests="2" failures="0" timestamp="9 Jul 2017 04:07:56 GMT" time="0.026" errors="0">
  <testcase name="testInvalidSearch" time="0.007" classname="Scenario_Component.Scenario_Search">
    <skipped/>
  </testcase> <!-- testInvalidSearch -->
  <testcase name="testvalidSearch" time="0.001" classname="Scenario_Component.Scenario_Search">
    <skipped/>
  </testcase> <!-- testvalidSearch -->
</testsuite> <!-- Set1 -->
